--- Auditing All Markets on 0xB6a211822649a61163b94cf46e6fCE46119D3E1b ---
Total Contract Markets: 23
Total DB Markets: 14

❌ MISMATCH [ID: 0]
   Contract: "Will Bitcoin hit $100k by Q4 2025?"
   Database: "What will BTC price be at end of 2026?"

❌ MISMATCH [ID: 1]
   Contract: "Will Ethereum flip Bitcoin in market cap in 2025?"
   Database: "Which L1 will have highest TVL in Q4 2026?"

❌ MISMATCH [ID: 2]
   Contract: "Who will win the 2026 World Cup?"
   Database: "What will SOL price be at end of 2025?"

❌ MISMATCH [ID: 3]
   Contract: "Will LeBron James retire before the 2026 season?"
   Database: "Who will win AFCON 2025?"

❌ MISMATCH [ID: 4]
   Contract: "Winner of Super Bowl LIX (2025)?"
   Database: "Who will win the 2026 FIFA World Cup?"

❌ MISMATCH [ID: 5]
   Contract: "Will the US pass comprehensive AI regulation in 2025?"
   Database: "Who will win 2028 US Presidential Election?"

❌ MISMATCH [ID: 6]
   Contract: "Who will win the next UK General Election?"
   Database: "Which party wins UK next general election?"

❌ MISMATCH [ID: 7]
   Contract: "Will SpaceX land humans on Mars by 2030?"
   Database: "(MISSING IN DB)"

❌ MISMATCH [ID: 8]
   Contract: "Will Apple launch a foldable iPhone in 2025?"
   Database: "Who will win Grammy Album of the Year 2026?"

❌ MISMATCH [ID: 9]
   Contract: "Who will win Album of the Year at the 2025 Grammys?"
   Database: "Which AI company will lead benchmarks in 2026?"

❌ MISMATCH [ID: 10]
   Contract: "Will GTA VI be released in 2025?"
   Database: "Which company releases consumer AR glasses first?"

❌ MISMATCH [ID: 11]
   Contract: "Will the Fed cut rates below 3% in 2025?"
   Database: "What will global temperature anomaly be in 2026?"

❌ MISMATCH [ID: 12]
   Contract: "Will Bitcoin hit $100k by Q4 2025?"
   Database: "Will BTC reach $100k by end of 2026?"

❌ MISMATCH [ID: 13]
   Contract: "Will Ethereum flip Bitcoin in market cap in 2025?"
   Database: "Will ETH reach $10k by end of 2026?"

❌ MISMATCH [ID: 14]
   Contract: "Who will win the 2026 World Cup?"
   Database: "Will BNB reach $1000 by Q2 2026?"

❌ MISMATCH [ID: 15]
   Contract: "Will LeBron James retire before the 2026 season?"
   Database: "(MISSING IN DB)"

❌ MISMATCH [ID: 16]
   Contract: "Will the US pass comprehensive AI regulation in 2025?"
   Database: "(MISSING IN DB)"

❌ MISMATCH [ID: 17]
   Contract: "Who will win the next UK General Election?"
   Database: "(MISSING IN DB)"

❌ MISMATCH [ID: 18]
   Contract: "Will SpaceX land humans on Mars by 2030?"
   Database: "(MISSING IN DB)"

❌ MISMATCH [ID: 19]
   Contract: "Will Apple launch a foldable iPhone in 2025?"
   Database: "(MISSING IN DB)"

❌ MISMATCH [ID: 20]
   Contract: "Who will win Album of the Year at the 2025 Grammys?"
   Database: "(MISSING IN DB)"

❌ MISMATCH [ID: 21]
   Contract: "Will GTA VI be released in 2025?"
   Database: "(MISSING IN DB)"

❌ MISMATCH [ID: 22]
   Contract: "Will the Fed cut rates below 3% in 2025?"
   Database: "(MISSING IN DB)"

⚠️ Found 23 mismatches.
