[dotenv@17.3.1] injecting env (28) from .env [2m-- tip: ⚡️ secrets for agents: https://dotenvx.com/as2[0m
[AdminBet] Target: 0xD5EeB48921F15Cdc0863fAA841fc08F998b9e55f
[AdminBet] Market: 4, Outcome: 1 (NO), Amount: $0.1
[AdminBet] Private Key retrieved.
[AdminBet] User Address: 0xD5EeB48921F15Cdc0863fAA841fc08F998b9e55f
[AdminBet] Internal Contract Balance: 0.003650138683454492 USDC
[AdminBet] Internal Balance (0.003650138683454492) < Target (0.1). Using ALL available internal balance.
[AdminBet] Price (Raw): 4976
[AdminBet] Price (Float): 0.4976
[AdminBet] Balance (0.003650138683454492) < Target (0.1). Using ALL available.
[AdminBet] Executing Binary Search for Max Shares...
[AdminBet] Optimized Shares: 0.006984877353432619
[AdminBet] Expected Cost: 0.00365013224353932 (Max: 0.003650138683454492)
[AdminBet] Buying shares...
Error: execution reverted (unknown custom error) (action="estimateGas", data="0xf0a78225000000000000000000000000000000000000000000000000000d95dc4a089b10000000000000000000000000000000000000000000000000000cf7c8239bb41c", reason=null, transaction={ "data": "0xed881230000000000000000000000000000000000000000000000000000000000000000400000000000000000000000000000000000000000000000000000000000000010000000000000000000000000000000000000000000000000018d0b57d73762b000000000000000000000000000000000000000000000000000cf7c8239bb41c", "from": "0xD5EeB48921F15Cdc0863fAA841fc08F998b9e55f", "to": "0xe3Eb84D7e271A5C44B27578547f69C80c497355B" }, invocation=null, revert=null, code=CALL_EXCEPTION, version=6.16.0)
    at makeError (C:\Users\toluk\Documents\oppol\node_modules\ethers\lib.commonjs\utils\errors.js:137:21)
    at getBuiltinCallException (C:\Users\toluk\Documents\oppol\node_modules\ethers\lib.commonjs\abi\abi-coder.js:105:37)
    at AbiCoder.getBuiltinCallException (C:\Users\toluk\Documents\oppol\node_modules\ethers\lib.commonjs\abi\abi-coder.js:206:16)
    at JsonRpcProvider.getRpcError (C:\Users\toluk\Documents\oppol\node_modules\ethers\lib.commonjs\providers\provider-jsonrpc.js:695:43)
    at C:\Users\toluk\Documents\oppol\node_modules\ethers\lib.commonjs\providers\provider-jsonrpc.js:302:45
    at process.processTicksAndRejections (node:internal/process/task_queues:105:5) {
  code: 'CALL_EXCEPTION',
  action: 'estimateGas',
  data: '0xf0a78225000000000000000000000000000000000000000000000000000d95dc4a089b10000000000000000000000000000000000000000000000000000cf7c8239bb41c',
  reason: null,
  transaction: {
    to: '0xe3Eb84D7e271A5C44B27578547f69C80c497355B',
    data: '0xed881230000000000000000000000000000000000000000000000000000000000000000400000000000000000000000000000000000000000000000000000000000000010000000000000000000000000000000000000000000000000018d0b57d73762b000000000000000000000000000000000000000000000000000cf7c8239bb41c',
    from: '0xD5EeB48921F15Cdc0863fAA841fc08F998b9e55f'
  },
  invocation: null,
  revert: null,
  shortMessage: 'execution reverted (unknown custom error)',
  info: {
    error: {
      code: 3,
      message: 'execution reverted: 0xf0a78225000000000000000000000000000000000000000000000000000d95dc4a089b10000000000000000000000000000000000000000000000000000cf7c8239bb41c',
      data: '0xf0a78225000000000000000000000000000000000000000000000000000d95dc4a089b10000000000000000000000000000000000000000000000000000cf7c8239bb41c'
    },
    payload: {
      method: 'eth_estimateGas',
      params: [Array],
      id: 49,
      jsonrpc: '2.0'
    }
  }
}
